This file contains any messages produced by compilers while
running configure, to aid debugging if configure makes a mistake.

configure:591: checking host system type
configure:613: checking host-specific optimization flag
configure:629: checking for gcc
configure:742: checking whether the C compiler (gcc -O6 -fomit-frame-pointer ) works
configure:758: gcc -o conftest -O6 -fomit-frame-pointer   conftest.c  1>&5
configure:784: checking whether the C compiler (gcc -O6 -fomit-frame-pointer ) is a cross-compiler
configure:789: checking whether we are using GNU C
configure:817: checking whether gcc accepts -g
configure:849: checking how to run the C preprocessor
configure:941: checking for a BSD compatible install
configure:996: checking for rm
configure:1326: checking for ANSI C header files
configure:1339: gcc -E  conftest.c >/dev/null 2>conftest.out
configure:1406: gcc -o conftest -O6 -fomit-frame-pointer   conftest.c  1>&5
configure: In function 'main':
configure:1401: warning: incompatible implicit declaration of built-in function 'exit'
configure:1431: checking for working const
configure:1485: gcc -c -O6 -fomit-frame-pointer  conftest.c 1>&5
configure:1515: checking for winnls.h
configure:1525: gcc -E  conftest.c >/dev/null 2>conftest.out
configure:1521:20: error: winnls.h: No such file or directory
configure: failed program was:
#line 1520 "configure"
#include "confdefs.h"
#include <winnls.h>
configure:1565: checking for iconv
configure:1583: gcc -o conftest -O6 -fomit-frame-pointer   conftest.c  1>&5
configure:1626: checking for iconv declaration
configure:1651: gcc -c -O6 -fomit-frame-pointer  conftest.c 1>&5
configure:1871: checking for charset conversion
