This file contains any messages produced by compilers while
running configure, to aid debugging if configure makes a mistake.

configure:1011: checking host system type
configure:1033: checking host-specific optimization flag
configure:1049: checking for gcc
configure:1162: checking whether the C compiler (gcc -O6 -fomit-frame-pointer ) works
configure:1178: gcc -o conftest -O6 -fomit-frame-pointer   conftest.c  1>&5
configure:1204: checking whether the C compiler (gcc -O6 -fomit-frame-pointer ) is a cross-compiler
configure:1209: checking whether we are using GNU C
configure:1237: checking whether gcc accepts -g
configure:1269: checking how to run the C preprocessor
configure:1361: checking for a BSD compatible install
configure:1416: checking for rm
configure:1451: checking for ar
configure:1486: checking for ranlib
configure:1516: checking for ANSI C header files
configure:1621: checking for working const
configure:1697: checking return type of signal handlers
configure:1719: gcc -c -O6 -fomit-frame-pointer  conftest.c 1>&5
configure:1738: checking for dlopen
configure:1766: gcc -o conftest -O6 -fomit-frame-pointer   conftest.c  1>&5
/tmp/cc07yx5A.o: In function `main':
conftest.c:(.text+0x7): undefined reference to `dlopen'
collect2: ld returned 1 exit status
configure: failed program was:
#line 1743 "configure"
#include "confdefs.h"
/* System header to define __stub macros and hopefully few prototypes,
    which can conflict with char dlopen(); below.  */
#include <assert.h>
/* Override any gcc2 internal prototype to avoid an error.  */
/* We use char because int might match the return type of a gcc2
    builtin and then its argument prototype would still apply.  */
char dlopen();

int main() {

/* The GNU C library defines this for functions which it implements
    to always fail with ENOSYS.  Some functions are actually named
    something starting with __ and the normal name is an alias.  */
#if defined (__stub_dlopen) || defined (__stub___dlopen)
choke me
#else
dlopen();
#endif

; return 0; }
configure:1784: checking for dlopen in -ldl
configure:1803: gcc -o conftest -O6 -fomit-frame-pointer   conftest.c -ldl   1>&5
configure:1870: checking for POSIX thread library in -lpthread
configure:1881: gcc -o conftest -O6 -fomit-frame-pointer   conftest.c -ldl  -lpthread 1>&5
configure: In function 'main':
configure:1877: warning: passing argument 1 of 'pthread_equal' makes integer from pointer without a cast
/usr/include/pthread.h:1129: note: expected 'pthread_t' but argument is of type 'void *'
configure:1877: warning: passing argument 2 of 'pthread_equal' makes integer from pointer without a cast
/usr/include/pthread.h:1129: note: expected 'pthread_t' but argument is of type 'void *'
