This file contains any messages produced by compilers while
running configure, to aid debugging if configure makes a mistake.

configure:551: checking host system type
configure:572: checking host-specific optimization flag
configure:587: checking for gcc
configure:700: checking whether the C compiler (gcc -O6 -fomit-frame-pointer ) works
configure:716: gcc -o conftest -O6 -fomit-frame-pointer   conftest.c  1>&5
configure:742: checking whether the C compiler (gcc -O6 -fomit-frame-pointer ) is a cross-compiler
configure:747: checking whether we are using GNU C
configure:775: checking whether gcc accepts -g
configure:807: checking how to run the C preprocessor
configure:898: checking for a BSD compatible install
configure:952: checking host specific optimization flag
configure:968: checking for rm
configure:1003: checking for perl
configure:1040: checking for yywrap in -lfl
configure:1059: gcc -o conftest -O6 -fomit-frame-pointer   conftest.c -lfl   1>&5
configure:1090: checking for iconv
configure:1126: checking for Jcode module in perl
configure:1137: checking for readline/readline.h
configure:1147: gcc -E  conftest.c >/dev/null 2>conftest.out
configure:1143:31: error: readline/readline.h: No such file or directory
configure: failed program was:
#line 1142 "configure"
#include "confdefs.h"
#include <readline/readline.h>
configure:1299: checking for malloc.h
configure:1309: gcc -E  conftest.c >/dev/null 2>conftest.out
